Playwright generation error:
Traceback (most recent call last):
  File "c:\Users\ranav\Downloads\css\backend\services\print_service.py", line 119, in generate_png_with_playwright
    browser = p.chromium.launch()
  File "C:\Users\ranav\Downloads\css\.venv\Lib\site-packages\playwright\sync_api\_generated.py", line 14566, in launch
    self._sync(
    ~~~~~~~~~~^
        self._impl_obj.launch(
        ^^^^^^^^^^^^^^^^^^^^^^
    ...<16 lines>...
        )
        ^
    )
    ^
  File "C:\Users\ranav\Downloads\css\.venv\Lib\site-packages\playwright\_impl\_sync_base.py", line 115, in _sync
    return task.result()
           ~~~~~~~~~~~^^
  File "C:\Users\ranav\Downloads\css\.venv\Lib\site-packages\playwright\_impl\_browser_type.py", line 97, in launch
    await self._channel.send(
        "launch", TimeoutSettings.launch_timeout, params
    )
  File "C:\Users\ranav\Downloads\css\.venv\Lib\site-packages\playwright\_impl\_connection.py", line 69, in send
    return await self._connection.wrap_api_call(
           ^^^^^^^^^^^^^^^^^^^^^^^^^^^^^^^^^^^^^
    ...<3 lines>...
    )
    ^
  File "C:\Users\ranav\Downloads\css\.venv\Lib\site-packages\playwright\_impl\_connection.py", line 559, in wrap_api_call
    raise rewrite_error(error, f"{parsed_st['apiName']}: {error}") from None
playwright._impl._errors.Error: BrowserType.launch: Executable doesn't exist at C:\Users\ranav\AppData\Local\ms-playwright\chromium_headless_shell-1208\chrome-headless-shell-win64\chrome-headless-shell.exe
╔════════════════════════════════════════════════════════════╗
║ Looks like Playwright was just installed or updated.       ║
║ Please run the following command to download new browsers: ║
║                                                            ║
║     playwright install                                     ║
║                                                            ║
║ <3 Playwright Team                                         ║
╚════════════════════════════════════════════════════════════╝
